{"/home/soul/tdd-rest-api/src/app.ts": {"path":"/home/soul/tdd-rest-api/src/app.ts","statementMap":{"0":{"start":{"line":1,"column":12},"end":{"line":1,"column":32}},"1":{"start":{"line":3,"column":0},"end":{"line":5,"column":null}},"2":{"start":{"line":4,"column":2},"end":{"line":4,"column":25}},"3":{"start":{"line":7,"column":0},"end":{"line":7,"column":21}}},"fnMap":{"0":{"name":"(anonymous_0)","decl":{"start":{"line":3,"column":13},"end":{"line":3,"column":14}},"loc":{"start":{"line":3,"column":121},"end":{"line":5,"column":1}}}},"branchMap":{},"s":{"0":1,"1":1,"2":1,"3":1},"f":{"0":1},"b":{}}
}
